objc[2994]: Class AXEmojiUtilities is implemented in both /Applications/Xcode.app/Contents/Developer/Platforms/iPhoneSimulator.platform/Developer/SDKs/iPhoneSimulator7.1.sdk/System/Library/PrivateFrameworks/AccessibilityUtilities.framework/AccessibilityUtilities and /Applications/Xcode.app/Contents/Developer/Platforms/iPhoneSimulator.platform/Developer/SDKs/iPhoneSimulator7.1.sdk/usr/lib/libAXSpeechManager.dylib. One of the two will be used. Which one is undefined.
2014-07-16 22:46:39.521 todo[2994:70b] Cannot find executable for CFBundle 0xa69d420 </Applications/Xcode.app/Contents/Developer/Platforms/iPhoneSimulator.platform/Developer/SDKs/iPhoneSimulator7.1.sdk/System/Library/AccessibilityBundles/GeoServices.axbundle> (not loaded)
2014-07-16 22:46:39.526 todo[2994:70b] Cannot find executable for CFBundle 0xa259be0 </Applications/Xcode.app/Contents/Developer/Platforms/iPhoneSimulator.platform/Developer/SDKs/iPhoneSimulator7.1.sdk/System/Library/AccessibilityBundles/CertUIFramework.axbundle> (not loaded)
2014-07-16 22:46:39.595 todo[2994:70b] Multi-tasking -> Device: YES, App: YES
2014-07-16 22:46:39.604 todo[2994:70b] Unlimited access to network resources
2014-07-16 22:46:39.620 todo[2994:70b] [CDVTimer][keyboard] 0.061989ms
2014-07-16 22:46:39.620 todo[2994:70b] CDVPlugin class CDVStatusBar (pluginName: statusbar) does not exist.
2014-07-16 22:46:39.621 todo[2994:70b] [CDVTimer][statusbar] 0.326991ms
2014-07-16 22:46:39.621 todo[2994:70b] [CDVTimer][TotalPluginStartup] 1.160026ms
2014-07-16 22:46:39.683 todo[2994:70b] Resetting plugins due to page load.
2014-07-16 22:46:39.786 todo[2994:70b] Finished load of: file:///Users/mdorrance/Library/Application%20Support/iPhone%20Simulator/7.1/Applications/22C09F8D-2783-42B1-A4A7-A496EE9221DB/todo.app/www/index.html
2014-07-16 22:46:40.232 todo[2994:70b] THREAD WARNING: ['Device'] took '424.674072' ms. Plugin should use a background thread.
objc[3541]: Class AXEmojiUtilities is implemented in both /Applications/Xcode.app/Contents/Developer/Platforms/iPhoneSimulator.platform/Developer/SDKs/iPhoneSimulator7.1.sdk/System/Library/PrivateFrameworks/AccessibilityUtilities.framework/AccessibilityUtilities and /Applications/Xcode.app/Contents/Developer/Platforms/iPhoneSimulator.platform/Developer/SDKs/iPhoneSimulator7.1.sdk/usr/lib/libAXSpeechManager.dylib. One of the two will be used. Which one is undefined.
2014-07-16 23:25:26.346 todo[3541:70b] Cannot find executable for CFBundle 0xb8d5210 </Applications/Xcode.app/Contents/Developer/Platforms/iPhoneSimulator.platform/Developer/SDKs/iPhoneSimulator7.1.sdk/System/Library/AccessibilityBundles/CertUIFramework.axbundle> (not loaded)
2014-07-16 23:25:26.355 todo[3541:70b] Cannot find executable for CFBundle 0xb8f0f10 </Applications/Xcode.app/Contents/Developer/Platforms/iPhoneSimulator.platform/Developer/SDKs/iPhoneSimulator7.1.sdk/System/Library/AccessibilityBundles/GeoServices.axbundle> (not loaded)
2014-07-16 23:25:26.509 todo[3541:70b] Multi-tasking -> Device: YES, App: YES
2014-07-16 23:25:26.517 todo[3541:70b] Unlimited access to network resources
2014-07-16 23:25:26.548 todo[3541:70b] [CDVTimer][keyboard] 0.060022ms
2014-07-16 23:25:26.549 todo[3541:70b] CDVPlugin class CDVStatusBar (pluginName: statusbar) does not exist.
2014-07-16 23:25:26.549 todo[3541:70b] [CDVTimer][statusbar] 0.353992ms
2014-07-16 23:25:26.549 todo[3541:70b] [CDVTimer][TotalPluginStartup] 1.113951ms
2014-07-16 23:25:26.969 todo[3541:70b] Resetting plugins due to page load.
2014-07-16 23:25:27.714 todo[3541:70b] Finished load of: file:///Users/mdorrance/Library/Application%20Support/iPhone%20Simulator/7.1/Applications/22C09F8D-2783-42B1-A4A7-A496EE9221DB/todo.app/www/index.html
2014-07-16 23:25:27.768 todo[3541:70b] THREAD WARNING: ['Device'] took '29.991943' ms. Plugin should use a background thread.
